<?xml version="1.0" encoding="UTF-8"?>
<!-- Generated by org.testng.reporters.JUnitReportReporter -->
<testsuite skipped="0" hostname="Chitras-MacBook-Pro.local" name="com.ibm.analytics.test.SdkCommonTest" tests="1" failures="0" timestamp="2020-11-30T18:38:55 IST" time="0.020" errors="0">
  <testcase name="testGetSdkHeaders" time="0.020" classname="com.ibm.analytics.test.SdkCommonTest"/>
  <system-out/>
</testsuite> <!-- com.ibm.analytics.test.SdkCommonTest -->
