<?xml version="1.0" encoding="UTF-8"?>
<!-- Generated by org.testng.reporters.JUnitReportReporter -->
<testsuite skipped="0" hostname="Chitras-MacBook-Pro.local" name="com.ibm.analytics.mdm.v0.model.DataModelTest" tests="2" failures="0" timestamp="2020-11-30T18:39:15 IST" time="0.013" errors="0">
  <testcase name="testDataModelError" time="0.000" classname="com.ibm.analytics.mdm.v0.model.DataModelTest"/>
  <system-out/>
  <testcase name="testDataModel" time="0.013" classname="com.ibm.analytics.mdm.v0.model.DataModelTest"/>
  <system-out/>
</testsuite> <!-- com.ibm.analytics.mdm.v0.model.DataModelTest -->
