<?xml version="1.0" encoding="UTF-8"?>
<!-- Generated by org.testng.reporters.JUnitReportReporter -->
<testsuite skipped="0" hostname="Chitras-MacBook-Pro.local" name="com.ibm.analytics.mdm.v0.MdmTest" tests="163" failures="0" timestamp="2020-11-30T18:39:15 IST" time="6.424" errors="0">
  <testcase name="testModelReplaceAlgorithmWOptions" time="0.108" classname="com.ibm.analytics.mdm.v0.MdmTest"/>
  <system-out/>
  <testcase name="testCompareIndexNoOptions" time="0.007" classname="com.ibm.analytics.mdm.v0.MdmTest"/>
  <system-out/>
  <testcase name="testPreviewRulesNoOptions" time="0.005" classname="com.ibm.analytics.mdm.v0.MdmTest"/>
  <system-out/>
  <testcase name="testListProjectsWOptions" time="0.024" classname="com.ibm.analytics.mdm.v0.MdmTest"/>
  <system-out/>
  <testcase name="testModelGetMapResourceNoOptions" time="0.004" classname="com.ibm.analytics.mdm.v0.MdmTest"/>
  <system-out/>
  <testcase name="testModelModifyInstanceMetadataWOptions" time="0.020" classname="com.ibm.analytics.mdm.v0.MdmTest"/>
  <system-out/>
  <testcase name="testModelListComparespecResouresNoOptions" time="0.010" classname="com.ibm.analytics.mdm.v0.MdmTest"/>
  <system-out/>
  <testcase name="testModelGetCompositeRulesWOptions" time="0.039" classname="com.ibm.analytics.mdm.v0.MdmTest"/>
  <system-out/>
  <testcase name="testPutConfigDataModelNoOptions" time="0.002" classname="com.ibm.analytics.mdm.v0.MdmTest"/>
  <system-out/>
  <testcase name="testDataRunExportWOptions" time="0.026" classname="com.ibm.analytics.mdm.v0.MdmTest"/>
  <system-out/>
  <testcase name="testGetCloudJobSummaryWOptions" time="0.027" classname="com.ibm.analytics.mdm.v0.MdmTest"/>
  <system-out/>
  <testcase name="testDataDeleteRecordWOptions" time="0.019" classname="com.ibm.analytics.mdm.v0.MdmTest"/>
  <system-out/>
  <testcase name="testSearchIndexNoOptions" time="0.004" classname="com.ibm.analytics.mdm.v0.MdmTest"/>
  <system-out/>
  <testcase name="testGetProcessStatusNoOptions" time="0.003" classname="com.ibm.analytics.mdm.v0.MdmTest"/>
  <system-out/>
  <testcase name="testModelGetCompositeRulesNoOptions" time="0.005" classname="com.ibm.analytics.mdm.v0.MdmTest"/>
  <system-out/>
  <testcase name="testGetCloudJobSummaryNoOptions" time="0.005" classname="com.ibm.analytics.mdm.v0.MdmTest"/>
  <system-out/>
  <testcase name="testGetConfigDataModelWOptions" time="0.131" classname="com.ibm.analytics.mdm.v0.MdmTest"/>
  <system-out/>
  <testcase name="testModelListSetResourcesWOptions" time="0.018" classname="com.ibm.analytics.mdm.v0.MdmTest"/>
  <system-out/>
  <testcase name="testRetrieveRulesFromRecidWOptions" time="0.014" classname="com.ibm.analytics.mdm.v0.MdmTest"/>
  <system-out/>
  <testcase name="testDeleteIndexWOptions" time="0.021" classname="com.ibm.analytics.mdm.v0.MdmTest"/>
  <system-out/>
  <testcase name="testDataGetEntityNoOptions" time="0.795" classname="com.ibm.analytics.mdm.v0.MdmTest"/>
  <system-out/>
  <testcase name="testIndexSummaryNoOptions" time="0.002" classname="com.ibm.analytics.mdm.v0.MdmTest"/>
  <system-out/>
  <testcase name="testModelReplaceAlgorithmNoOptions" time="0.005" classname="com.ibm.analytics.mdm.v0.MdmTest"/>
  <system-out/>
  <testcase name="testModelUpdateAlgorithmWOptions" time="0.023" classname="com.ibm.analytics.mdm.v0.MdmTest"/>
  <system-out/>
  <testcase name="testModelGetInstanceMetadataWOptions" time="0.042" classname="com.ibm.analytics.mdm.v0.MdmTest"/>
  <system-out/>
  <testcase name="testDataGetRelationshipForRecordNoOptions" time="0.003" classname="com.ibm.analytics.mdm.v0.MdmTest"/>
  <system-out/>
  <testcase name="testModelListMapResourcesNoOptions" time="0.006" classname="com.ibm.analytics.mdm.v0.MdmTest"/>
  <system-out/>
  <testcase name="testDataStopJobNoOptions" time="0.005" classname="com.ibm.analytics.mdm.v0.MdmTest"/>
  <system-out/>
  <testcase name="testModelModifyInstanceMetadataNoOptions" time="0.004" classname="com.ibm.analytics.mdm.v0.MdmTest"/>
  <system-out/>
  <testcase name="testSuggestDataMappingsWOptions" time="0.042" classname="com.ibm.analytics.mdm.v0.MdmTest"/>
  <system-out/>
  <testcase name="testUpdateProjectMetadataWOptions" time="0.031" classname="com.ibm.analytics.mdm.v0.MdmTest"/>
  <system-out/>
  <testcase name="testModelGetDataModelWOptions" time="0.120" classname="com.ibm.analytics.mdm.v0.MdmTest"/>
  <system-out/>
  <testcase name="testRetrieveRulesNoOptions" time="0.004" classname="com.ibm.analytics.mdm.v0.MdmTest"/>
  <system-out/>
  <testcase name="testDataGetEntitiesForRecordWOptions" time="0.025" classname="com.ibm.analytics.mdm.v0.MdmTest"/>
  <system-out/>
  <testcase name="testModelPatchDataModelNoOptions" time="0.005" classname="com.ibm.analytics.mdm.v0.MdmTest"/>
  <system-out/>
  <testcase name="testDataCleanUpJobNoOptions" time="0.006" classname="com.ibm.analytics.mdm.v0.MdmTest"/>
  <system-out/>
  <testcase name="testModelGetMapResourceWOptions" time="0.024" classname="com.ibm.analytics.mdm.v0.MdmTest"/>
  <system-out/>
  <testcase name="testDataGetSubgraphWOptions" time="0.030" classname="com.ibm.analytics.mdm.v0.MdmTest"/>
  <system-out/>
  <testcase name="testConstructorWithNullAuthenticator" time="0.199" classname="com.ibm.analytics.mdm.v0.MdmTest"/>
  <system-out/>
  <testcase name="testDataGetRelatedRecordsForEntityNoOptions" time="0.006" classname="com.ibm.analytics.mdm.v0.MdmTest"/>
  <system-out/>
  <testcase name="testModelReplaceMapResourceWOptions" time="0.035" classname="com.ibm.analytics.mdm.v0.MdmTest"/>
  <system-out/>
  <testcase name="testDataGetJobNoOptions" time="0.007" classname="com.ibm.analytics.mdm.v0.MdmTest"/>
  <system-out/>
  <testcase name="testDeleteIndexNoOptions" time="0.004" classname="com.ibm.analytics.mdm.v0.MdmTest"/>
  <system-out/>
  <testcase name="testDataRunBulkLoadWOptions" time="0.062" classname="com.ibm.analytics.mdm.v0.MdmTest"/>
  <system-out/>
  <testcase name="testDataCleanUpJobWOptions" time="0.019" classname="com.ibm.analytics.mdm.v0.MdmTest"/>
  <system-out/>
  <testcase name="testDataRevokeBucketCredentialsWOptions" time="0.031" classname="com.ibm.analytics.mdm.v0.MdmTest"/>
  <system-out/>
  <testcase name="testDataGetRecordNoOptions" time="0.005" classname="com.ibm.analytics.mdm.v0.MdmTest"/>
  <system-out/>
  <testcase name="testMatchIndexNoOptions" time="0.003" classname="com.ibm.analytics.mdm.v0.MdmTest"/>
  <system-out/>
  <testcase name="testModelUpdateAlgorithmNoOptions" time="0.001" classname="com.ibm.analytics.mdm.v0.MdmTest"/>
  <system-out/>
  <testcase name="testPreviewRulesWOptions" time="0.018" classname="com.ibm.analytics.mdm.v0.MdmTest"/>
  <system-out/>
  <testcase name="testDataGetEntitiesForRecordNoOptions" time="0.006" classname="com.ibm.analytics.mdm.v0.MdmTest"/>
  <system-out/>
  <testcase name="testDataRunBulkUpdateWOptions" time="0.036" classname="com.ibm.analytics.mdm.v0.MdmTest"/>
  <system-out/>
  <testcase name="testGetConfigDataModelNoOptions" time="0.005" classname="com.ibm.analytics.mdm.v0.MdmTest"/>
  <system-out/>
  <testcase name="testSuggestMatchingAttributesWOptions" time="0.027" classname="com.ibm.analytics.mdm.v0.MdmTest"/>
  <system-out/>
  <testcase name="testModelReplaceMapResourceNoOptions" time="0.004" classname="com.ibm.analytics.mdm.v0.MdmTest"/>
  <system-out/>
  <testcase name="testModelDeleteFlowNoOptions" time="0.002" classname="com.ibm.analytics.mdm.v0.MdmTest"/>
  <system-out/>
  <testcase name="testDataCreateRecordWOptions" time="0.028" classname="com.ibm.analytics.mdm.v0.MdmTest"/>
  <system-out/>
  <testcase name="testCloudMatchJobNoOptions" time="0.005" classname="com.ibm.analytics.mdm.v0.MdmTest"/>
  <system-out/>
  <testcase name="testDataGetExportsWOptions" time="0.020" classname="com.ibm.analytics.mdm.v0.MdmTest"/>
  <system-out/>
  <testcase name="testModelGetInstanceMetadataNoOptions" time="0.005" classname="com.ibm.analytics.mdm.v0.MdmTest"/>
  <system-out/>
  <testcase name="testSuggestDataMappingsNoOptions" time="0.005" classname="com.ibm.analytics.mdm.v0.MdmTest"/>
  <system-out/>
  <testcase name="testRemoveRuleNoOptions" time="0.003" classname="com.ibm.analytics.mdm.v0.MdmTest"/>
  <system-out/>
  <testcase name="testReplaceProjectMetadataNoOptions" time="0.003" classname="com.ibm.analytics.mdm.v0.MdmTest"/>
  <system-out/>
  <testcase name="testListEntityNoOptions" time="0.005" classname="com.ibm.analytics.mdm.v0.MdmTest"/>
  <system-out/>
  <testcase name="testGetConfigDataModelAttributesNoOptions" time="0.003" classname="com.ibm.analytics.mdm.v0.MdmTest"/>
  <system-out/>
  <testcase name="testAddRuleNoOptions" time="0.960" classname="com.ibm.analytics.mdm.v0.MdmTest"/>
  <system-out/>
  <testcase name="testDataGetRelatedRecordsForEntityWOptions" time="0.023" classname="com.ibm.analytics.mdm.v0.MdmTest"/>
  <system-out/>
  <testcase name="testDataGetExportWOptions" time="0.077" classname="com.ibm.analytics.mdm.v0.MdmTest"/>
  <system-out/>
  <testcase name="testDataGetRecordsWOptions" time="0.015" classname="com.ibm.analytics.mdm.v0.MdmTest"/>
  <system-out/>
  <testcase name="testDataGenerateBucketCredentialsWOptions" time="0.017" classname="com.ibm.analytics.mdm.v0.MdmTest"/>
  <system-out/>
  <testcase name="testModelGetComparespecResourceNoOptions" time="0.003" classname="com.ibm.analytics.mdm.v0.MdmTest"/>
  <system-out/>
  <testcase name="testListEntityWOptions" time="0.023" classname="com.ibm.analytics.mdm.v0.MdmTest"/>
  <system-out/>
  <testcase name="testCreateProjectAssetWOptions" time="0.019" classname="com.ibm.analytics.mdm.v0.MdmTest"/>
  <system-out/>
  <testcase name="testModelUpdateCompositeRulesNoOptions" time="0.005" classname="com.ibm.analytics.mdm.v0.MdmTest"/>
  <system-out/>
  <testcase name="testCloudReportIndexWOptions" time="0.017" classname="com.ibm.analytics.mdm.v0.MdmTest"/>
  <system-out/>
  <testcase name="testListProjectsNoOptions" time="0.001" classname="com.ibm.analytics.mdm.v0.MdmTest"/>
  <system-out/>
  <testcase name="testReplaceProjectAssetNoOptions" time="0.002" classname="com.ibm.analytics.mdm.v0.MdmTest"/>
  <system-out/>
  <testcase name="testDataGetExportDownloadNoOptions" time="0.005" classname="com.ibm.analytics.mdm.v0.MdmTest"/>
  <system-out/>
  <testcase name="testDataGetRelationshipForRecordWOptions" time="0.023" classname="com.ibm.analytics.mdm.v0.MdmTest"/>
  <system-out/>
  <testcase name="testInitiateMatchingNoOptions" time="0.005" classname="com.ibm.analytics.mdm.v0.MdmTest"/>
  <system-out/>
  <testcase name="testModelGetSetResourceNoOptions" time="0.003" classname="com.ibm.analytics.mdm.v0.MdmTest"/>
  <system-out/>
  <testcase name="testDataGetRelationshipsForRecordNoOptions" time="0.010" classname="com.ibm.analytics.mdm.v0.MdmTest"/>
  <system-out/>
  <testcase name="testModelModifyDataModelNoOptions" time="0.002" classname="com.ibm.analytics.mdm.v0.MdmTest"/>
  <system-out/>
  <testcase name="testMatchIndexWOptions" time="0.027" classname="com.ibm.analytics.mdm.v0.MdmTest"/>
  <system-out/>
  <testcase name="testDataGetJobsWOptions" time="0.020" classname="com.ibm.analytics.mdm.v0.MdmTest"/>
  <system-out/>
  <testcase name="testDataGetGraphStatisticsWOptions" time="0.017" classname="com.ibm.analytics.mdm.v0.MdmTest"/>
  <system-out/>
  <testcase name="testDataGetStorageMetadataWOptions" time="0.017" classname="com.ibm.analytics.mdm.v0.MdmTest"/>
  <system-out/>
  <testcase name="testGetIndexNoOptions" time="0.004" classname="com.ibm.analytics.mdm.v0.MdmTest"/>
  <system-out/>
  <testcase name="testDataGetSchemaWOptions" time="0.017" classname="com.ibm.analytics.mdm.v0.MdmTest"/>
  <system-out/>
  <testcase name="testModelModifyDataModelWOptions" time="0.110" classname="com.ibm.analytics.mdm.v0.MdmTest"/>
  <system-out/>
  <testcase name="testInitiateMatchingWOptions" time="0.021" classname="com.ibm.analytics.mdm.v0.MdmTest"/>
  <system-out/>
  <testcase name="testPublishModelWOptions" time="0.019" classname="com.ibm.analytics.mdm.v0.MdmTest"/>
  <system-out/>
  <testcase name="testCloudDeriveJobNoOptions" time="0.004" classname="com.ibm.analytics.mdm.v0.MdmTest"/>
  <system-out/>
  <testcase name="testBulkLoadWOptions" time="0.068" classname="com.ibm.analytics.mdm.v0.MdmTest"/>
  <system-out/>
  <testcase name="testDataUpdateSchemaWOptions" time="0.017" classname="com.ibm.analytics.mdm.v0.MdmTest"/>
  <system-out/>
  <testcase name="testModelReplaceSpecResourceNoOptions" time="0.003" classname="com.ibm.analytics.mdm.v0.MdmTest"/>
  <system-out/>
  <testcase name="testDataGetRelatedRecordsForRecordWOptions" time="0.015" classname="com.ibm.analytics.mdm.v0.MdmTest"/>
  <system-out/>
  <testcase name="testCloudReportIndexNoOptions" time="0.004" classname="com.ibm.analytics.mdm.v0.MdmTest"/>
  <system-out/>
  <testcase name="testIndexServiceResetWOptions" time="0.017" classname="com.ibm.analytics.mdm.v0.MdmTest"/>
  <system-out/>
  <testcase name="testDeriveIndexNoOptions" time="0.004" classname="com.ibm.analytics.mdm.v0.MdmTest"/>
  <system-out/>
  <testcase name="testGetMatchingStatisticsWOptions" time="0.027" classname="com.ibm.analytics.mdm.v0.MdmTest"/>
  <system-out/>
  <testcase name="testDataGetRecordsForEntityNoOptions" time="0.004" classname="com.ibm.analytics.mdm.v0.MdmTest"/>
  <system-out/>
  <testcase name="testRemoveRuleWOptions" time="0.016" classname="com.ibm.analytics.mdm.v0.MdmTest"/>
  <system-out/>
  <testcase name="testDataDeleteRecordNoOptions" time="0.007" classname="com.ibm.analytics.mdm.v0.MdmTest"/>
  <system-out/>
  <testcase name="testDataUpdateRecordWOptions" time="0.091" classname="com.ibm.analytics.mdm.v0.MdmTest"/>
  <system-out/>
  <testcase name="testBulkLoadNoOptions" time="0.008" classname="com.ibm.analytics.mdm.v0.MdmTest"/>
  <system-out/>
  <testcase name="testGetCrn" time="0.005" classname="com.ibm.analytics.mdm.v0.MdmTest"/>
  <system-out/>
  <testcase name="testModelListSetResourcesNoOptions" time="0.005" classname="com.ibm.analytics.mdm.v0.MdmTest"/>
  <system-out/>
  <testcase name="testGetIndexWOptions" time="0.016" classname="com.ibm.analytics.mdm.v0.MdmTest"/>
  <system-out/>
  <testcase name="testCreateProjectAssetNoOptions" time="0.004" classname="com.ibm.analytics.mdm.v0.MdmTest"/>
  <system-out/>
  <testcase name="testDeriveIndexWOptions" time="0.056" classname="com.ibm.analytics.mdm.v0.MdmTest"/>
  <system-out/>
  <testcase name="testModelReplaceSetResourceWOptions" time="0.033" classname="com.ibm.analytics.mdm.v0.MdmTest"/>
  <system-out/>
  <testcase name="testPutConfigDataModelWOptions" time="0.681" classname="com.ibm.analytics.mdm.v0.MdmTest"/>
  <system-out/>
  <testcase name="testDataGetRecordsForEntityWOptions" time="0.018" classname="com.ibm.analytics.mdm.v0.MdmTest"/>
  <system-out/>
  <testcase name="testModelGetDataModelNoOptions" time="0.003" classname="com.ibm.analytics.mdm.v0.MdmTest"/>
  <system-out/>
  <testcase name="testModelGetFlowByIdNoOptions" time="0.003" classname="com.ibm.analytics.mdm.v0.MdmTest"/>
  <system-out/>
  <testcase name="testModelGetComparespecResourceWOptions" time="0.033" classname="com.ibm.analytics.mdm.v0.MdmTest"/>
  <system-out/>
  <testcase name="testDataGetRelationshipsForRecordWOptions" time="0.021" classname="com.ibm.analytics.mdm.v0.MdmTest"/>
  <system-out/>
  <testcase name="testRetrieveRulesFromRecidNoOptions" time="0.004" classname="com.ibm.analytics.mdm.v0.MdmTest"/>
  <system-out/>
  <testcase name="testGetProcessStatusWOptions" time="0.020" classname="com.ibm.analytics.mdm.v0.MdmTest"/>
  <system-out/>
  <testcase name="testModelGetAlgorithmWOptions" time="0.106" classname="com.ibm.analytics.mdm.v0.MdmTest"/>
  <system-out/>
  <testcase name="testModelPatchFlowWOptions" time="0.016" classname="com.ibm.analytics.mdm.v0.MdmTest"/>
  <system-out/>
  <testcase name="testRetrieveRulesWOptions" time="0.016" classname="com.ibm.analytics.mdm.v0.MdmTest"/>
  <system-out/>
  <testcase name="testModelPatchFlowNoOptions" time="0.005" classname="com.ibm.analytics.mdm.v0.MdmTest"/>
  <system-out/>
  <testcase name="testCloudDeriveJobWOptions" time="0.029" classname="com.ibm.analytics.mdm.v0.MdmTest"/>
  <system-out/>
  <testcase name="testIndexServiceResetNoOptions" time="0.004" classname="com.ibm.analytics.mdm.v0.MdmTest"/>
  <system-out/>
  <testcase name="testPublishModelNoOptions" time="0.002" classname="com.ibm.analytics.mdm.v0.MdmTest"/>
  <system-out/>
  <testcase name="testGetMatchingStatisticsNoOptions" time="0.006" classname="com.ibm.analytics.mdm.v0.MdmTest"/>
  <system-out/>
  <testcase name="testSearchIndexWOptions" time="0.038" classname="com.ibm.analytics.mdm.v0.MdmTest"/>
  <system-out/>
  <testcase name="testModelReplaceSetResourceNoOptions" time="0.004" classname="com.ibm.analytics.mdm.v0.MdmTest"/>
  <system-out/>
  <testcase name="testIndexSummaryWOptions" time="0.024" classname="com.ibm.analytics.mdm.v0.MdmTest"/>
  <system-out/>
  <testcase name="testDataSearchNoOptions" time="0.005" classname="com.ibm.analytics.mdm.v0.MdmTest"/>
  <system-out/>
  <testcase name="testDataGetRecordWOptions" time="0.015" classname="com.ibm.analytics.mdm.v0.MdmTest"/>
  <system-out/>
  <testcase name="testModelPatchDataModelWOptions" time="0.041" classname="com.ibm.analytics.mdm.v0.MdmTest"/>
  <system-out/>
  <testcase name="testModelGetSetResourceWOptions" time="0.027" classname="com.ibm.analytics.mdm.v0.MdmTest"/>
  <system-out/>
  <testcase name="testGetProjectMetadataNoOptions" time="0.003" classname="com.ibm.analytics.mdm.v0.MdmTest"/>
  <system-out/>
  <testcase name="testModelReplaceSpecResourceWOptions" time="0.036" classname="com.ibm.analytics.mdm.v0.MdmTest"/>
  <system-out/>
  <testcase name="testGetRecordsNoOptions" time="0.004" classname="com.ibm.analytics.mdm.v0.MdmTest"/>
  <system-out/>
  <testcase name="testDataGetExportNoOptions" time="0.004" classname="com.ibm.analytics.mdm.v0.MdmTest"/>
  <system-out/>
  <testcase name="testDataGetJobWOptions" time="0.023" classname="com.ibm.analytics.mdm.v0.MdmTest"/>
  <system-out/>
  <testcase name="testModelDeleteFlowWOptions" time="0.019" classname="com.ibm.analytics.mdm.v0.MdmTest"/>
  <system-out/>
  <testcase name="testModelGetFlowByIdWOptions" time="0.040" classname="com.ibm.analytics.mdm.v0.MdmTest"/>
  <system-out/>
  <testcase name="testDataSearchWOptions" time="0.023" classname="com.ibm.analytics.mdm.v0.MdmTest"/>
  <system-out/>
  <testcase name="testModelListComparespecResouresWOptions" time="0.033" classname="com.ibm.analytics.mdm.v0.MdmTest"/>
  <system-out/>
  <testcase name="testDataGetExportDownloadWOptions" time="0.017" classname="com.ibm.analytics.mdm.v0.MdmTest"/>
  <system-out/>
  <testcase name="testGetProjectMetadataWOptions" time="0.018" classname="com.ibm.analytics.mdm.v0.MdmTest"/>
  <system-out/>
  <testcase name="testSuggestMatchingAttributesNoOptions" time="0.005" classname="com.ibm.analytics.mdm.v0.MdmTest"/>
  <system-out/>
  <testcase name="testDataCreateRecordNoOptions" time="0.004" classname="com.ibm.analytics.mdm.v0.MdmTest"/>
  <system-out/>
  <testcase name="testDataStopJobWOptions" time="0.025" classname="com.ibm.analytics.mdm.v0.MdmTest"/>
  <system-out/>
  <testcase name="testUpdateProjectMetadataNoOptions" time="0.003" classname="com.ibm.analytics.mdm.v0.MdmTest"/>
  <system-out/>
  <testcase name="testModelUpdateCompositeRulesWOptions" time="0.041" classname="com.ibm.analytics.mdm.v0.MdmTest"/>
  <system-out/>
  <testcase name="testDataGetEntityWOptions" time="0.020" classname="com.ibm.analytics.mdm.v0.MdmTest"/>
  <system-out/>
  <testcase name="testGetRecordsWOptions" time="0.021" classname="com.ibm.analytics.mdm.v0.MdmTest"/>
  <system-out/>
  <testcase name="testModelListMapResourcesWOptions" time="0.019" classname="com.ibm.analytics.mdm.v0.MdmTest"/>
  <system-out/>
  <testcase name="testDataGetRelatedRecordsForRecordNoOptions" time="0.004" classname="com.ibm.analytics.mdm.v0.MdmTest"/>
  <system-out/>
  <testcase name="testReplaceProjectAssetWOptions" time="0.013" classname="com.ibm.analytics.mdm.v0.MdmTest"/>
  <system-out/>
  <testcase name="testAddRuleWOptions" time="0.711" classname="com.ibm.analytics.mdm.v0.MdmTest"/>
  <system-out/>
  <testcase name="testDataUpdateRecordNoOptions" time="0.004" classname="com.ibm.analytics.mdm.v0.MdmTest"/>
  <system-out/>
  <testcase name="testModelGetAlgorithmNoOptions" time="0.003" classname="com.ibm.analytics.mdm.v0.MdmTest"/>
  <system-out/>
  <testcase name="testGetConfigDataModelAttributesWOptions" time="0.026" classname="com.ibm.analytics.mdm.v0.MdmTest"/>
  <system-out/>
  <testcase name="testReplaceProjectMetadataWOptions" time="0.015" classname="com.ibm.analytics.mdm.v0.MdmTest"/>
  <system-out/>
  <testcase name="testCloudMatchJobWOptions" time="0.020" classname="com.ibm.analytics.mdm.v0.MdmTest"/>
  <system-out/>
  <testcase name="testCompareIndexWOptions" time="0.072" classname="com.ibm.analytics.mdm.v0.MdmTest"/>
  <system-out/>
</testsuite> <!-- com.ibm.analytics.mdm.v0.MdmTest -->
