<?xml version="1.0" encoding="UTF-8"?>
<!-- Generated by org.testng.reporters.JUnitReportReporter -->
<testsuite skipped="0" hostname="Chitras-MacBook-Pro.local" name="com.ibm.analytics.mdm.v0.model.AttributeTypeTest" tests="2" failures="0" timestamp="2020-11-30T18:39:15 IST" time="0.004" errors="0">
  <testcase name="testAttributeType" time="0.004" classname="com.ibm.analytics.mdm.v0.model.AttributeTypeTest"/>
  <system-out/>
  <testcase name="testAttributeTypeError" time="0.000" classname="com.ibm.analytics.mdm.v0.model.AttributeTypeTest"/>
  <system-out/>
</testsuite> <!-- com.ibm.analytics.mdm.v0.model.AttributeTypeTest -->
