<?xml version="1.0" encoding="UTF-8"?>
<!-- Generated by org.testng.reporters.JUnitReportReporter -->
<testsuite skipped="0" hostname="Chitras-MacBook-Pro.local" name="com.ibm.analytics.mdm.v0.model.RecordTest" tests="2" failures="0" timestamp="2020-11-30T18:39:14 IST" time="0.005" errors="0">
  <testcase name="testRecordError" time="0.001" classname="com.ibm.analytics.mdm.v0.model.RecordTest"/>
  <system-out/>
  <testcase name="testRecord" time="0.004" classname="com.ibm.analytics.mdm.v0.model.RecordTest"/>
  <system-out/>
</testsuite> <!-- com.ibm.analytics.mdm.v0.model.RecordTest -->
