<?xml version="1.0" encoding="UTF-8"?>
<!-- Generated by org.testng.reporters.JUnitReportReporter -->
<testsuite skipped="0" hostname="Chitras-MacBook-Pro.local" name="com.ibm.analytics.mdm.v0.model.CompositeRulesTest" tests="2" failures="0" timestamp="2020-11-30T18:39:15 IST" time="0.007" errors="0">
  <testcase name="testCompositeRulesError" time="0.000" classname="com.ibm.analytics.mdm.v0.model.CompositeRulesTest"/>
  <system-out/>
  <testcase name="testCompositeRules" time="0.007" classname="com.ibm.analytics.mdm.v0.model.CompositeRulesTest"/>
  <system-out/>
</testsuite> <!-- com.ibm.analytics.mdm.v0.model.CompositeRulesTest -->
