<?xml version="1.0" encoding="UTF-8"?>
<!-- Generated by org.testng.reporters.JUnitReportReporter -->
<testsuite skipped="0" hostname="Chitras-MacBook-Pro.local" name="com.ibm.analytics.mdm.v0.model.EntityTypeTest" tests="2" failures="0" timestamp="2020-11-30T18:39:15 IST" time="0.001" errors="0">
  <testcase name="testEntityTypeError" time="0.001" classname="com.ibm.analytics.mdm.v0.model.EntityTypeTest"/>
  <system-out/>
  <testcase name="testEntityType" time="0.000" classname="com.ibm.analytics.mdm.v0.model.EntityTypeTest"/>
  <system-out/>
</testsuite> <!-- com.ibm.analytics.mdm.v0.model.EntityTypeTest -->
