<?xml version="1.0" encoding="UTF-8"?>
<!-- Generated by org.testng.reporters.JUnitReportReporter -->
<testsuite skipped="0" hostname="Chitras-MacBook-Pro.local" name="com.ibm.analytics.mdm.v0.model.DataModelRelationshipTypeTest" tests="2" failures="0" timestamp="2020-11-30T18:39:15 IST" time="0.002" errors="0">
  <testcase name="testDataModelRelationshipTypeError" time="0.000" classname="com.ibm.analytics.mdm.v0.model.DataModelRelationshipTypeTest"/>
  <system-out/>
  <testcase name="testDataModelRelationshipType" time="0.002" classname="com.ibm.analytics.mdm.v0.model.DataModelRelationshipTypeTest"/>
  <system-out/>
</testsuite> <!-- com.ibm.analytics.mdm.v0.model.DataModelRelationshipTypeTest -->
