<?xml version="1.0" encoding="UTF-8"?>
<!-- Generated by org.testng.reporters.JUnitReportReporter -->
<testsuite skipped="0" hostname="Chitras-MacBook-Pro.local" name="com.ibm.analytics.mdm.v0.model.ReplaceProjectMetadataOptionsTest" tests="2" failures="0" timestamp="2020-11-30T18:39:14 IST" time="0.001" errors="0">
  <testcase name="testReplaceProjectMetadataOptionsError" time="0.000" classname="com.ibm.analytics.mdm.v0.model.ReplaceProjectMetadataOptionsTest"/>
  <system-out/>
  <testcase name="testReplaceProjectMetadataOptions" time="0.001" classname="com.ibm.analytics.mdm.v0.model.ReplaceProjectMetadataOptionsTest"/>
  <system-out/>
</testsuite> <!-- com.ibm.analytics.mdm.v0.model.ReplaceProjectMetadataOptionsTest -->
