<?xml version="1.0" encoding="UTF-8"?>
<!-- Generated by org.testng.reporters.JUnitReportReporter -->
<testsuite skipped="0" hostname="Chitras-MacBook-Pro.local" name="com.ibm.analytics.mdm.v0.model.SuggestDataMappingsOptionsTest" tests="2" failures="0" timestamp="2020-11-30T18:39:14 IST" time="0.002" errors="0">
  <testcase name="testSuggestDataMappingsOptions" time="0.001" classname="com.ibm.analytics.mdm.v0.model.SuggestDataMappingsOptionsTest"/>
  <system-out/>
  <testcase name="testSuggestDataMappingsOptionsError" time="0.001" classname="com.ibm.analytics.mdm.v0.model.SuggestDataMappingsOptionsTest"/>
  <system-out/>
</testsuite> <!-- com.ibm.analytics.mdm.v0.model.SuggestDataMappingsOptionsTest -->
