<?xml version="1.0" encoding="UTF-8"?>
<!-- Generated by org.testng.reporters.JUnitReportReporter -->
<testsuite skipped="0" hostname="Chitras-MacBook-Pro.local" name="com.ibm.analytics.mdm.v0.model.DataGetExportDownloadOptionsTest" tests="2" failures="0" timestamp="2020-11-30T18:39:15 IST" time="0.000" errors="0">
  <testcase name="testDataGetExportDownloadOptions" time="0.000" classname="com.ibm.analytics.mdm.v0.model.DataGetExportDownloadOptionsTest"/>
  <system-out/>
  <testcase name="testDataGetExportDownloadOptionsError" time="0.000" classname="com.ibm.analytics.mdm.v0.model.DataGetExportDownloadOptionsTest"/>
  <system-out/>
</testsuite> <!-- com.ibm.analytics.mdm.v0.model.DataGetExportDownloadOptionsTest -->
