<?xml version="1.0" encoding="UTF-8"?>
<!-- Generated by org.testng.reporters.JUnitReportReporter -->
<testsuite skipped="0" hostname="Chitras-MacBook-Pro.local" name="com.ibm.analytics.mdm.v0.model.PutConfigDataModelOptionsTest" tests="2" failures="0" timestamp="2020-11-30T18:39:14 IST" time="0.010" errors="0">
  <testcase name="testPutConfigDataModelOptions" time="0.009" classname="com.ibm.analytics.mdm.v0.model.PutConfigDataModelOptionsTest"/>
  <system-out/>
  <testcase name="testPutConfigDataModelOptionsError" time="0.001" classname="com.ibm.analytics.mdm.v0.model.PutConfigDataModelOptionsTest"/>
  <system-out/>
</testsuite> <!-- com.ibm.analytics.mdm.v0.model.PutConfigDataModelOptionsTest -->
