<?xml version="1.0" encoding="UTF-8"?>
<!-- Generated by org.testng.reporters.JUnitReportReporter -->
<testsuite skipped="0" hostname="Chitras-MacBook-Pro.local" name="com.ibm.analytics.mdm.v0.model.DataCreateRecordOptionsTest" tests="2" failures="0" timestamp="2020-11-30T18:39:14 IST" time="0.003" errors="0">
  <testcase name="testDataCreateRecordOptionsError" time="0.001" classname="com.ibm.analytics.mdm.v0.model.DataCreateRecordOptionsTest"/>
  <system-out/>
  <testcase name="testDataCreateRecordOptions" time="0.002" classname="com.ibm.analytics.mdm.v0.model.DataCreateRecordOptionsTest"/>
  <system-out/>
</testsuite> <!-- com.ibm.analytics.mdm.v0.model.DataCreateRecordOptionsTest -->
